2020-07-27 00:20:31,777 INFO logger logging started
2020-07-27 00:20:31,782 INFO client client started
2020-07-27 00:20:46,315 INFO logger logging started
2020-07-27 00:20:46,323 INFO client client started
2020-07-27 00:20:46,326 INFO client b'{"action": "introduce", "time": "Mon Jul 27 00:20:46 2020", "to": "all", "from_user": "Serena", "message": ""}' sent
2020-07-27 00:25:44,371 INFO logger logging started
2020-07-27 00:25:44,375 INFO client client started
2020-07-27 00:25:44,377 INFO client b'{"action": "introduce", "time": "Mon Jul 27 00:25:44 2020", "to": "all", "from_user": "Jonah", "message": ""}' sent
2020-07-27 00:26:41,666 INFO logger logging started
2020-07-27 00:26:41,673 INFO client client started
2020-07-27 00:26:41,675 INFO client b'{"action": "introduce", "time": "Mon Jul 27 00:26:41 2020", "to": "all", "from_user": "Hudson", "message": ""}' sent
2020-07-27 00:26:47,430 INFO client b'{"action": "message", "time": "Mon Jul 27 00:26:41 2020", "to": "all", "from_user": "Hudson", "message": "asdasdasd"}' sent
2020-07-27 00:26:49,902 INFO client b'{"action": "message", "time": "Mon Jul 27 00:26:47 2020", "to": "all", "from_user": "Hudson", "message": "asdasd"}' sent
2020-07-27 00:26:53,166 INFO client b'{"action": "message", "time": "Mon Jul 27 00:26:49 2020", "to": "all", "from_user": "Hudson", "message": "asdasd"}' sent
2020-07-27 00:26:55,886 INFO client b'{"action": "message", "time": "Mon Jul 27 00:26:53 2020", "to": "all", "from_user": "Hudson", "message": "asdasdasd"}' sent
2020-07-27 00:27:21,734 INFO client b'{"action": "message", "time": "Mon Jul 27 00:26:55 2020", "to": "all", "from_user": "Hudson", "message": "asdasdasd"}' sent
2020-07-27 00:27:38,608 INFO logger logging started
2020-07-27 00:27:38,613 INFO client client started
2020-07-27 00:27:38,616 INFO client b'{"action": "introduce", "time": "Mon Jul 27 00:27:38 2020", "to": "all", "from_user": "Stetson", "message": ""}' sent
2020-07-27 00:27:38,733 INFO logger logging started
2020-07-27 00:27:38,739 INFO client client started
2020-07-27 00:27:38,742 INFO client b'{"action": "introduce", "time": "Mon Jul 27 00:27:38 2020", "to": "all", "from_user": "Sophie", "message": ""}' sent
2020-07-27 00:27:46,970 INFO client b'{"action": "message", "time": "Mon Jul 27 00:27:38 2020", "to": "all", "from_user": "Sophie", "message": "asdasd"}' sent
2020-07-27 00:27:49,682 INFO client b'{"action": "message", "time": "Mon Jul 27 00:27:46 2020", "to": "all", "from_user": "Sophie", "message": "asdasd"}' sent
2020-07-27 00:27:51,530 INFO client b'{"action": "message", "time": "Mon Jul 27 00:27:49 2020", "to": "all", "from_user": "Sophie", "message": "asd"}' sent
2020-07-27 00:27:54,058 INFO client b'{"action": "message", "time": "Mon Jul 27 00:27:51 2020", "to": "all", "from_user": "Sophie", "message": "asdasdasd"}' sent
2020-07-27 00:27:56,874 INFO client b'{"action": "message", "time": "Mon Jul 27 00:27:54 2020", "to": "all", "from_user": "Sophie", "message": "asd"}' sent
2020-07-27 00:28:08,603 INFO client b'{"action": "message", "time": "Mon Jul 27 00:27:56 2020", "to": "all", "from_user": "Sophie", "message": "asdasdasd"}' sent
2020-07-27 00:28:10,786 INFO client b'{"action": "message", "time": "Mon Jul 27 00:28:08 2020", "to": "all", "from_user": "Sophie", "message": "asd"}' sent
2020-07-27 00:28:11,938 INFO client b'{"action": "message", "time": "Mon Jul 27 00:28:10 2020", "to": "all", "from_user": "Sophie", "message": "sad"}' sent
2020-07-27 00:28:12,898 INFO client b'{"action": "message", "time": "Mon Jul 27 00:28:11 2020", "to": "all", "from_user": "Sophie", "message": "asd"}' sent
2020-07-27 00:28:13,450 INFO client b'{"action": "message", "time": "Mon Jul 27 00:28:12 2020", "to": "all", "from_user": "Sophie", "message": "sad"}' sent
2020-07-27 00:28:13,890 INFO client b'{"action": "message", "time": "Mon Jul 27 00:28:13 2020", "to": "all", "from_user": "Sophie", "message": "asd"}' sent
2020-07-27 00:28:14,346 INFO client b'{"action": "message", "time": "Mon Jul 27 00:28:13 2020", "to": "all", "from_user": "Sophie", "message": "asd"}' sent
2020-07-27 00:32:33,529 INFO logger logging started
2020-07-27 00:32:33,532 INFO client client started
2020-07-27 00:32:33,536 INFO client b'{"action": "introduce", "time": "Mon Jul 27 00:32:33 2020", "to": "all", "from_user": "Marcus", "message": ""}' sent
2020-07-27 00:32:33,576 INFO logger logging started
2020-07-27 00:32:33,580 INFO client client started
2020-07-27 00:32:33,582 INFO client b'{"action": "introduce", "time": "Mon Jul 27 00:32:33 2020", "to": "all", "from_user": "Tatum", "message": ""}' sent
2020-07-27 00:32:45,210 INFO client b'{"action": "message", "time": "Mon Jul 27 00:32:33 2020", "to": "all", "from_user": "Tatum", "message": "asdasd"}' sent
2020-07-27 00:32:58,489 INFO client b'{"action": "message", "time": "Mon Jul 27 00:32:45 2020", "to": "all", "from_user": "Tatum", "message": "adasd"}' sent
2020-07-27 00:33:02,402 INFO client b'{"action": "message", "time": "Mon Jul 27 00:32:33 2020", "to": "all", "from_user": "Marcus", "message": "asdasd"}' sent
2020-07-27 00:33:06,930 INFO client b'{"action": "message", "time": "Mon Jul 27 00:33:02 2020", "to": "all", "from_user": "Marcus", "message": "asdasdasdasdasdasd"}' sent
2020-07-27 00:33:11,474 INFO client b'{"action": "message", "time": "Mon Jul 27 00:32:58 2020", "to": "all", "from_user": "Tatum", "message": "asdasd"}' sent
2020-07-27 00:34:54,937 INFO logger logging started
2020-07-27 00:34:54,941 INFO client client started
2020-07-27 00:34:54,946 INFO client b'{"action": "introduce", "time": "Mon Jul 27 00:34:54 2020", "to": "all", "from_user": "Bruce", "message": ""}' sent
2020-07-27 00:34:55,032 INFO logger logging started
2020-07-27 00:34:55,035 INFO client client started
2020-07-27 00:34:55,039 INFO client b'{"action": "introduce", "time": "Mon Jul 27 00:34:55 2020", "to": "all", "from_user": "Gibson", "message": ""}' sent
2020-07-27 00:39:58,614 INFO logger logging started
2020-07-27 00:39:58,617 INFO client client started
2020-07-27 00:39:58,619 INFO client b'{"action": "introduce", "time": "Mon Jul 27 00:39:58 2020", "to": "all", "from_user": "Meredith", "message": ""}' sent
2020-07-27 00:40:32,530 INFO logger logging started
2020-07-27 00:40:32,532 INFO client client started
2020-07-27 00:40:32,534 INFO client b'{"action": "introduce", "time": "Mon Jul 27 00:40:32 2020", "to": "all", "from_user": "Catherine", "message": ""}' sent
2020-07-27 00:41:08,450 INFO logger logging started
2020-07-27 00:41:08,455 INFO client client started
2020-07-27 00:41:28,313 INFO logger logging started
2020-07-27 00:41:28,320 INFO client client started
2020-07-27 00:41:28,322 INFO client b'{"action": "introduce", "time": "Mon Jul 27 00:41:28 2020", "to": "all", "from_user": "Moshe", "message": ""}' sent
2020-07-27 00:43:09,744 INFO logger logging started
2020-07-27 00:43:09,748 INFO client client started
2020-07-27 00:43:09,749 INFO client b'{"action": "introduce", "time": "Mon Jul 27 00:43:09 2020", "to": "all", "from_user": "Camilo", "message": ""}' sent
2020-07-27 00:43:13,080 INFO client b'{"action": "message", "time": "Mon Jul 27 00:43:09 2020", "to": "all", "from_user": "Camilo", "message": "\\u0444\\u044b\\u0432\\u0444\\u044b\\u0432\\u0444\\u044b\\u0432\\u0444\\u044b\\u0432"}' sent
2020-07-27 01:03:02,141 CRITICAL client Something wrong. No answer from server.
		[WinError 10054] Удаленный хост принудительно разорвал существующее подключение
2020-07-27 12:48:34,852 INFO logger logging started
2020-07-27 12:48:34,855 INFO client client started
2020-07-27 12:48:34,856 INFO client b'{"action": "introduce", "time": "Mon Jul 27 12:48:34 2020", "to": "all", "from_user": "Avery", "message": ""}' sent
2020-07-27 12:48:37,388 INFO client b'{"action": "message", "time": "Mon Jul 27 12:48:34 2020", "to": "all", "from_user": "Avery", "message": "asdasdasdasd"}' sent
2020-07-27 17:07:24,020 CRITICAL client Something wrong. No answer from server.
		[WinError 10054] Удаленный хост принудительно разорвал существующее подключение
2020-07-27 17:07:37,436 INFO logger logging started
2020-07-27 17:07:37,437 INFO client client started
2020-07-27 17:07:39,892 INFO client b'{"action": "message", "time": "Mon Jul 27 17:07:37 2020", "to": "all", "from_user": "Amalia", "message": "asdasdasd"}' sent
2020-07-27 17:07:47,124 INFO client b'{"action": "message", "time": "Mon Jul 27 17:07:39 2020", "to": "all", "from_user": "Amalia", "message": ""}' sent
2020-07-27 17:07:50,109 INFO client b'{"action": "message", "time": "Mon Jul 27 17:07:47 2020", "to": "all", "from_user": "Amalia", "message": "asdasdasdasd"}' sent
2020-07-27 17:07:52,749 INFO client b'{"action": "message", "time": "Mon Jul 27 17:07:50 2020", "to": "all", "from_user": "Amalia", "message": ""}' sent
2020-07-27 17:07:56,574 INFO client b'{"action": "message", "time": "Mon Jul 27 17:07:52 2020", "to": "all", "from_user": "Amalia", "message": "asdasd"}' sent
2020-07-27 17:08:00,838 INFO client b'{"action": "message", "time": "Mon Jul 27 17:07:56 2020", "to": "all", "from_user": "Amalia", "message": "asd"}' sent
2020-07-27 17:14:05,480 INFO logger logging started
2020-07-27 17:14:05,500 INFO logger logging started
2020-07-27 17:14:05,505 INFO logger logging started
2020-07-27 17:14:26,820 INFO logger logging started
2020-07-27 17:21:05,754 INFO logger logging started
2020-07-27 17:21:05,755 INFO client client started
2020-07-27 17:21:31,524 INFO logger logging started
2020-07-27 17:21:31,528 INFO client client started
2020-07-27 17:21:42,282 INFO client b'{"action": "message", "time": "Mon Jul 27 17:21:31 2020", "to": "all", "from_user": "user", "message": "asdasdasdasd"}' sent
2020-07-27 17:21:45,234 INFO client b'{"action": "message", "time": "Mon Jul 27 17:21:42 2020", "to": "all", "from_user": "user", "message": "asdasdasd"}' sent
2020-07-27 17:21:47,786 INFO client b'{"action": "message", "time": "Mon Jul 27 17:21:45 2020", "to": "all", "from_user": "user", "message": "asdasd"}' sent
2020-07-27 17:21:49,450 INFO client b'{"action": "message", "time": "Mon Jul 27 17:21:47 2020", "to": "all", "from_user": "user", "message": "asd"}' sent
2020-07-27 17:38:07,590 INFO logger logging started
2020-07-27 17:38:07,592 INFO client client started
2020-07-27 17:39:21,199 INFO logger logging started
2020-07-27 17:39:21,200 INFO client client started
2020-07-27 17:39:26,067 CRITICAL client Something wrong. No answer from server.
		[WinError 10053] Программа на вашем хост-компьютере разорвала установленное подключение
2020-07-27 17:39:46,230 INFO logger logging started
2020-07-27 17:39:46,230 INFO client client started
2020-07-27 17:39:49,147 CRITICAL client Something wrong. No answer from server.
		[WinError 10053] Программа на вашем хост-компьютере разорвала установленное подключение
2020-07-27 17:42:24,563 INFO logger logging started
2020-07-27 17:42:24,564 INFO client client started
2020-07-27 17:42:35,468 INFO client b'{"action": "message", "time": "Mon Jul 27 17:42:28 2020", "to": "user", "from_user": "user", "message": "adasdasdasdasd"}' sent
2020-07-27 17:51:42,956 INFO logger logging started
2020-07-27 17:51:42,957 INFO client client started
2020-07-27 17:51:42,977 INFO logger logging started
2020-07-27 17:51:42,978 INFO client client started
2020-07-27 17:51:42,985 INFO logger logging started
2020-07-27 17:51:42,986 INFO client client started
2020-07-27 17:52:11,701 INFO client b'{"action": "message", "time": "Mon Jul 27 17:52:04 2020", "to": "user0", "from_user": "user", "message": "asdasdasdasd"}' sent
2020-07-27 17:52:28,263 INFO client b'{"action": "message", "time": "Mon Jul 27 17:52:21 2020", "to": "user", "from_user": "user", "message": "asdasdasdasd"}' sent
2020-07-27 17:54:07,199 INFO logger logging started
2020-07-27 17:54:07,201 INFO client client started
2020-07-27 17:54:07,246 INFO logger logging started
2020-07-27 17:54:07,247 INFO client client started
2020-07-27 17:54:07,293 INFO logger logging started
2020-07-27 17:54:07,294 INFO client client started
2020-07-27 17:55:40,723 INFO logger logging started
2020-07-27 17:55:40,724 INFO client client started
2020-07-27 17:55:40,828 INFO logger logging started
2020-07-27 17:55:40,829 INFO client client started
2020-07-27 17:55:40,837 INFO logger logging started
2020-07-27 17:55:40,837 INFO client client started
2020-07-27 17:56:01,598 CRITICAL client Something wrong. No answer from server.
		[WinError 10054] Удаленный хост принудительно разорвал существующее подключение
